<?xml version="1.0" encoding="UTF-8"?>
<testsuite name="ru.itsphere.itmoney.controllers.UserControllerTest" tests="14" skipped="0" failures="0" errors="0" timestamp="2016-02-16T12:03:54" hostname="Nicolas" time="0.156">
  <properties/>
  <testcase name="testGetByIdSuccessfully" classname="ru.itsphere.itmoney.controllers.UserControllerTest" time="0.1"/>
  <testcase name="testSaveNewUserSuccessfully" classname="ru.itsphere.itmoney.controllers.UserControllerTest" time="0.014"/>
  <testcase name="testFindUsersByQuerySuccessfully" classname="ru.itsphere.itmoney.controllers.UserControllerTest" time="0.002"/>
  <testcase name="testGetAllEmpty" classname="ru.itsphere.itmoney.controllers.UserControllerTest" time="0.001"/>
  <testcase name="testSaveUpdateUserSuccefully" classname="ru.itsphere.itmoney.controllers.UserControllerTest" time="0.002"/>
  <testcase name="testDeleteByIdWithNullId" classname="ru.itsphere.itmoney.controllers.UserControllerTest" time="0.0"/>
  <testcase name="testDeleteByIdInexistentUser" classname="ru.itsphere.itmoney.controllers.UserControllerTest" time="0.002"/>
  <testcase name="testGetCountSuccessfully" classname="ru.itsphere.itmoney.controllers.UserControllerTest" time="0.001"/>
  <testcase name="testGetCountEmpty" classname="ru.itsphere.itmoney.controllers.UserControllerTest" time="0.001"/>
  <testcase name="testFindUsersByQueryNull" classname="ru.itsphere.itmoney.controllers.UserControllerTest" time="0.001"/>
  <testcase name="testFindUsersByQueryEmpty" classname="ru.itsphere.itmoney.controllers.UserControllerTest" time="0.001"/>
  <testcase name="testGetAllSuccessfully" classname="ru.itsphere.itmoney.controllers.UserControllerTest" time="0.002"/>
  <testcase name="testDeleteByIdSuccessfully" classname="ru.itsphere.itmoney.controllers.UserControllerTest" time="0.002"/>
  <testcase name="testGetByIdNotExistedUser" classname="ru.itsphere.itmoney.controllers.UserControllerTest" time="0.001"/>
  <system-out><![CDATA[]]></system-out>
  <system-err><![CDATA[]]></system-err>
</testsuite>
