<?xml version="1.0" encoding="UTF-8"?>
<testsuite name="UserDAOHashMapImplTest" tests="9" skipped="0" failures="0" errors="0" timestamp="2016-02-03T20:10:16" hostname="Nicolas" time="0.017">
  <properties/>
  <testcase name="testDeleteByIdFail" classname="UserDAOHashMapImplTest" time="0.001"/>
  <testcase name="testGetAllEmpty" classname="UserDAOHashMapImplTest" time="0.0"/>
  <testcase name="testUpdateFail" classname="UserDAOHashMapImplTest" time="0.001"/>
  <testcase name="testUpdateSuccessfully" classname="UserDAOHashMapImplTest" time="0.001"/>
  <testcase name="testSaveSuccessfully" classname="UserDAOHashMapImplTest" time="0.0"/>
  <testcase name="testGetAllSuccessfully" classname="UserDAOHashMapImplTest" time="0.0"/>
  <testcase name="testDeleteByIdSuccessfully" classname="UserDAOHashMapImplTest" time="0.002"/>
  <testcase name="testGetByIdNotExistedUser" classname="UserDAOHashMapImplTest" time="0.001"/>
  <testcase name="testGetByIdExistedUser" classname="UserDAOHashMapImplTest" time="0.0"/>
  <system-out><![CDATA[]]></system-out>
  <system-err><![CDATA[]]></system-err>
</testsuite>
