<?xml version="1.0" encoding="UTF-8"?>
<testsuite name="ru.itsphere.itmoney.dao.UserDAOTextFileImplTest" tests="14" skipped="0" failures="0" errors="0" timestamp="2016-02-16T12:03:54" hostname="Nicolas" time="0.021">
  <properties/>
  <testcase name="testDeleteByIdFail" classname="ru.itsphere.itmoney.dao.UserDAOTextFileImplTest" time="0.006"/>
  <testcase name="testDeleteByIdSaveFirstUser" classname="ru.itsphere.itmoney.dao.UserDAOTextFileImplTest" time="0.001"/>
  <testcase name="testDeleteByIdDeleteFirstDeleteLast" classname="ru.itsphere.itmoney.dao.UserDAOTextFileImplTest" time="0.0"/>
  <testcase name="testFindUsersByQuerySuccessfully" classname="ru.itsphere.itmoney.dao.UserDAOTextFileImplTest" time="0.001"/>
  <testcase name="testGetAllEmpty" classname="ru.itsphere.itmoney.dao.UserDAOTextFileImplTest" time="0.001"/>
  <testcase name="testUpdateFail" classname="ru.itsphere.itmoney.dao.UserDAOTextFileImplTest" time="0.001"/>
  <testcase name="testFindUsersByQueryFail" classname="ru.itsphere.itmoney.dao.UserDAOTextFileImplTest" time="0.001"/>
  <testcase name="testUpdateSuccessfully" classname="ru.itsphere.itmoney.dao.UserDAOTextFileImplTest" time="0.001"/>
  <testcase name="testSaveSuccessfully" classname="ru.itsphere.itmoney.dao.UserDAOTextFileImplTest" time="0.001"/>
  <testcase name="testGetAllSuccessfully" classname="ru.itsphere.itmoney.dao.UserDAOTextFileImplTest" time="0.001"/>
  <testcase name="testDeleteByIdSuccessfully" classname="ru.itsphere.itmoney.dao.UserDAOTextFileImplTest" time="0.0"/>
  <testcase name="testUpdateDeleteFirstUpdateLast" classname="ru.itsphere.itmoney.dao.UserDAOTextFileImplTest" time="0.001"/>
  <testcase name="testGetByIdNotExistedUser" classname="ru.itsphere.itmoney.dao.UserDAOTextFileImplTest" time="0.001"/>
  <testcase name="testGetByIdExistedUser" classname="ru.itsphere.itmoney.dao.UserDAOTextFileImplTest" time="0.0"/>
  <system-out><![CDATA[]]></system-out>
  <system-err><![CDATA[]]></system-err>
</testsuite>
