<?xml version="1.0" encoding="UTF-8"?>
<testsuite name="ru.itsphere.itmoney.services.UserServiceImplTest" tests="10" skipped="0" failures="0" errors="0" timestamp="2016-02-16T12:03:54" hostname="Nicolas" time="0.03">
  <properties/>
  <testcase name="testDeleteByIdFail" classname="ru.itsphere.itmoney.services.UserServiceImplTest" time="0.002"/>
  <testcase name="testGetByIdSuccessfully" classname="ru.itsphere.itmoney.services.UserServiceImplTest" time="0.001"/>
  <testcase name="testFindUsersByQuerySuccessfully" classname="ru.itsphere.itmoney.services.UserServiceImplTest" time="0.001"/>
  <testcase name="testGetAllEmpty" classname="ru.itsphere.itmoney.services.UserServiceImplTest" time="0.0"/>
  <testcase name="testDeleteByIdInexistent" classname="ru.itsphere.itmoney.services.UserServiceImplTest" time="0.002"/>
  <testcase name="testSaveSuccessfully" classname="ru.itsphere.itmoney.services.UserServiceImplTest" time="0.002"/>
  <testcase name="testFindUsersByQueryEmpty" classname="ru.itsphere.itmoney.services.UserServiceImplTest" time="0.001"/>
  <testcase name="testGetAllSuccessfully" classname="ru.itsphere.itmoney.services.UserServiceImplTest" time="0.0"/>
  <testcase name="testDeleteByIdSuccessfully" classname="ru.itsphere.itmoney.services.UserServiceImplTest" time="0.001"/>
  <testcase name="testGetByIdNotExistedUser" classname="ru.itsphere.itmoney.services.UserServiceImplTest" time="0.001"/>
  <system-out><![CDATA[]]></system-out>
  <system-err><![CDATA[]]></system-err>
</testsuite>
